<?xml version="1.0" encoding="UTF-8"?>
<testng-results ignored="0" total="1" passed="1" failed="0" skipped="0">
  <reporter-output>
  </reporter-output>
  <suite started-at="2024-03-08T14:14:16 IST" name="Suite" finished-at="2024-03-08T14:14:45 IST" duration-ms="28464">
    <groups>
    </groups>
    <test started-at="2024-03-08T14:14:16 IST" name="Test" finished-at="2024-03-08T14:14:45 IST" duration-ms="28464">
      <class name="regression.sourcing.VerifyProjectDetailsOfYourOrganizationWithSkipReviewEnabled">
        <test-method is-config="true" signature="BS()[pri:0, instance:regression.sourcing.VerifyProjectDetailsOfYourOrganizationWithSkipReviewEnabled@332796d3]" started-at="2024-03-08T14:14:16 IST" name="BS" finished-at="2024-03-08T14:14:17 IST" duration-ms="275" status="PASS">
          <reporter-output>
          </reporter-output>
        </test-method> <!-- BS -->
        <test-method is-config="true" signature="Open()[pri:0, instance:regression.sourcing.VerifyProjectDetailsOfYourOrganizationWithSkipReviewEnabled@332796d3]" started-at="2024-03-08T14:14:17 IST" name="Open" finished-at="2024-03-08T14:14:18 IST" duration-ms="1377" status="PASS">
          <reporter-output>
          </reporter-output>
        </test-method> <!-- Open -->
        <test-method signature="verifyProjectDetailsOfYourOrganizationWithSkipReviewEnabled()[pri:0, instance:regression.sourcing.VerifyProjectDetailsOfYourOrganizationWithSkipReviewEnabled@332796d3]" started-at="2024-03-08T14:14:18 IST" name="verifyProjectDetailsOfYourOrganizationWithSkipReviewEnabled" finished-at="2024-03-08T14:14:45 IST" duration-ms="26628" status="PASS">
          <reporter-output>
          </reporter-output>
        </test-method> <!-- verifyProjectDetailsOfYourOrganizationWithSkipReviewEnabled -->
      </class> <!-- regression.sourcing.VerifyProjectDetailsOfYourOrganizationWithSkipReviewEnabled -->
    </test> <!-- Test -->
  </suite> <!-- Suite -->
</testng-results>
