<?xml version="1.0" encoding="UTF-8"?>
<testng-results ignored="0" total="1" passed="1" failed="0" skipped="0">
  <reporter-output>
  </reporter-output>
  <suite started-at="2024-02-19T17:27:50 IST" name="Suite" finished-at="2024-02-19T17:28:37 IST" duration-ms="46221">
    <groups>
    </groups>
    <test started-at="2024-02-19T17:27:50 IST" name="Sample" finished-at="2024-02-19T17:28:37 IST" duration-ms="46221">
      <class name="regression.sourcing.VerifyAdminIsAbleToApplyStatusFilterAndFetchTheResultInTheNominationStatus">
        <test-method is-config="true" signature="BS()[pri:0, instance:regression.sourcing.VerifyAdminIsAbleToApplyStatusFilterAndFetchTheResultInTheNominationStatus@332796d3]" started-at="2024-02-19T17:27:50 IST" name="BS" finished-at="2024-02-19T17:27:51 IST" duration-ms="219" status="PASS">
          <reporter-output>
          </reporter-output>
        </test-method> <!-- BS -->
        <test-method is-config="true" signature="Open()[pri:0, instance:regression.sourcing.VerifyAdminIsAbleToApplyStatusFilterAndFetchTheResultInTheNominationStatus@332796d3]" started-at="2024-02-19T17:27:51 IST" name="Open" finished-at="2024-02-19T17:27:52 IST" duration-ms="1312" status="PASS">
          <reporter-output>
          </reporter-output>
        </test-method> <!-- Open -->
        <test-method signature="verifyAdminIsAbleToApplyStatusFilterAndFetchTheResultInTheNominationStatus()[pri:0, instance:regression.sourcing.VerifyAdminIsAbleToApplyStatusFilterAndFetchTheResultInTheNominationStatus@332796d3]" started-at="2024-02-19T17:27:52 IST" name="verifyAdminIsAbleToApplyStatusFilterAndFetchTheResultInTheNominationStatus" finished-at="2024-02-19T17:28:36 IST" duration-ms="44456" status="PASS">
          <reporter-output>
          </reporter-output>
        </test-method> <!-- verifyAdminIsAbleToApplyStatusFilterAndFetchTheResultInTheNominationStatus -->
      </class> <!-- regression.sourcing.VerifyAdminIsAbleToApplyStatusFilterAndFetchTheResultInTheNominationStatus -->
    </test> <!-- Sample -->
  </suite> <!-- Suite -->
</testng-results>
